<?xml version="1.0" encoding="UTF-8"?>
<!-- Generated by org.testng.reporters.JUnitReportReporter -->
<testsuite hostname="DESKTOP-FIOA1IM" failures="0" tests="1" name="Almosafer" time="9.385" errors="0" timestamp="2023-11-17T04:29:43 PST" skipped="0">
  <testcase classname="Almosafer" name="myTestCurrancy" time="9.385"/>
  <system-out/>
</testsuite> <!-- Almosafer -->
